Arguments: 
  /home/workspace/.nvm/versions/node/v16.14.0/bin/node /usr/bin/yarn add @types/react-dom:latest

PATH: 
  /home/workspace/.nvm/versions/node/v16.14.0/bin:/home/.openvscode-server/bin/remote-cli:/home/.openvscode-server/bin/remote-cli:/usr/local/sbin:/usr/local/bin:/usr/sbin:/usr/bin:/sbin:/bin:/opt/coder/code-server/bin:/root/.local/bin:/home/coder/project/javajdk/bin:/usr/bin/gcc-11

Yarn version: 
  1.22.17

Node version: 
  16.14.0

Platform: 
  linux x64

Trace: 
  Error: https://registry.yarnpkg.com/@types%2freact-dom:latest: Not found
      at Request.params.callback [as _callback] (/usr/lib/node_modules/yarn/lib/cli.js:67029:18)
      at Request.self.callback (/usr/lib/node_modules/yarn/lib/cli.js:140883:22)
      at Request.emit (node:events:520:28)
      at Request.<anonymous> (/usr/lib/node_modules/yarn/lib/cli.js:141855:10)
      at Request.emit (node:events:520:28)
      at IncomingMessage.<anonymous> (/usr/lib/node_modules/yarn/lib/cli.js:141777:12)
      at Object.onceWrapper (node:events:639:28)
      at IncomingMessage.emit (node:events:532:35)
      at endReadableNT (node:internal/streams/readable:1346:12)
      at processTicksAndRejections (node:internal/process/task_queues:83:21)

npm manifest: 
  {
    "name": "esbuild-react",
    "version": "1.0.0",
    "main": "index.js",
    "license": "MIT",
    "type": "module",
    "scripts": {
      "es": "node -r esbuild-register",
      "build": "esbuild src/app.tsx --bundle --minify --sourcemap --outfile=public/bundle.js",
      "start": "node esbuild.config.js -w"
    },
    "devDependencies": {
      "@types/react": "^17.0.34",
      "@types/react-dom": "^17.0.15",
      "esbuild": "^0.13.13",
      "esbuild-register": "^3.0.0",
      "typescript": "^4.4.4"
    },
    "dependencies": {
      "esbuild-serve": "^1.0.1",
      "react": "^18.0.0",
      "react-dom": "^18.0.0"
    }
  }

yarn manifest: 
  No manifest

Lockfile: 
  # THIS IS AN AUTOGENERATED FILE. DO NOT EDIT THIS FILE DIRECTLY.
  # yarn lockfile v1
  
  
  "@types/prop-types@*":
    "integrity" "sha512-rZ5drC/jWjrArrS8BR6SIr4cWpW09RNTYt9AMZo3Jwwif+iacXAqgVjm0B0Bv/S1jhDXKHqRVNCbACkJ89RAnQ=="
    "resolved" "https://registry.npmjs.org/@types/prop-types/-/prop-types-15.7.4.tgz"
    "version" "15.7.4"
  
  "@types/react-dom@^17.0.15":
    "integrity" "sha512-Tr9VU9DvNoHDWlmecmcsE5ZZiUkYx+nKBzum4Oxe1K0yJVyBlfbq7H3eXjxXqJczBKqPGq3EgfTru4MgKb9+Yw=="
    "resolved" "https://registry.npmjs.org/@types/react-dom/-/react-dom-17.0.15.tgz"
    "version" "17.0.15"
    dependencies:
      "@types/react" "^17"
  
  "@types/react@^17", "@types/react@^17.0.34":
    "integrity" "sha512-46FEGrMjc2+8XhHXILr+3+/sTe3OfzSPU9YGKILLrUYbQ1CLQC9Daqo1KzENGXAWwrFwiY0l4ZbF20gRvgpWTg=="
    "resolved" "https://registry.npmjs.org/@types/react/-/react-17.0.34.tgz"
    "version" "17.0.34"
    dependencies:
      "@types/prop-types" "*"
      "@types/scheduler" "*"
      "csstype" "^3.0.2"
  
  "@types/scheduler@*":
    "integrity" "sha512-hppQEBDmlwhFAXKJX2KnWLYu5yMfi91yazPb2l+lbJiwW+wdo1gNeRA+3RgNSO39WYX2euey41KEwnqesU2Jew=="
    "resolved" "https://registry.npmjs.org/@types/scheduler/-/scheduler-0.16.2.tgz"
    "version" "0.16.2"
  
  "create-serve@^1.0.1":
    "integrity" "sha512-cDAmBGhkwolS7ihq7SnPE8KwjYUZl5FaI9Pq5ZBwNelSKvFR9OoAA4/B5BfB/NC+eYaykBpX9RVMfuU4DHtrPw=="
    "resolved" "https://registry.npmjs.org/create-serve/-/create-serve-1.0.1.tgz"
    "version" "1.0.1"
  
  "csstype@^3.0.2":
    "integrity" "sha512-rpw6JPxK6Rfg1zLOYCSwle2GFOOsnjmDYDaBwEcwoOg4qlsIVCN789VkBZDJAGi4T07gI4YSutR43t9Zz4Lzuw=="
    "resolved" "https://registry.npmjs.org/csstype/-/csstype-3.0.9.tgz"
    "version" "3.0.9"
  
  "esbuild-linux-64@0.13.13":
    "integrity" "sha512-kzhjlrlJ+6ESRB/n12WTGll94+y+HFeyoWsOrLo/Si0s0f+Vip4b8vlnG0GSiS6JTsWYAtGHReGczFOaETlKIw=="
    "resolved" "https://registry.npmjs.org/esbuild-linux-64/-/esbuild-linux-64-0.13.13.tgz"
    "version" "0.13.13"
  
  "esbuild-register@^3.0.0":
    "integrity" "sha512-RbKnUm/dXQZq6q8j7xfLBP06AhDQHS5g2FAAlAYV2Zw5obMKs8Bk777Jt4WD34pAx/Xyh5oAPESCYYtqhJ8Ufw=="
    "resolved" "https://registry.npmjs.org/esbuild-register/-/esbuild-register-3.1.2.tgz"
    "version" "3.1.2"
    dependencies:
      "jsonc-parser" "^3.0.0"
  
  "esbuild-serve@^1.0.1":
    "integrity" "sha512-VvYDThNuwg+YAuZC+RqAgw9TpEVGoDdcvm2mTL0lU+TxDXr+QGZfJ+zc6m7cXeJ940qijvdTSZl3mQbRGN4/PA=="
    "resolved" "https://registry.npmjs.org/esbuild-serve/-/esbuild-serve-1.0.1.tgz"
    "version" "1.0.1"
    dependencies:
      "create-serve" "^1.0.1"
      "esbuild" "^0.9.0"
  
  "esbuild@^0.13.13", "esbuild@>=0.12 <1":
    "integrity" "sha512-Z17A/R6D0b4s3MousytQ/5i7mTCbaF+Ua/yPfoe71vdTv4KBvVAvQ/6ytMngM2DwGJosl8WxaD75NOQl2QF26Q=="
    "resolved" "https://registry.npmjs.org/esbuild/-/esbuild-0.13.13.tgz"
    "version" "0.13.13"
    optionalDependencies:
      "esbuild-android-arm64" "0.13.13"
      "esbuild-darwin-64" "0.13.13"
      "esbuild-darwin-arm64" "0.13.13"
      "esbuild-freebsd-64" "0.13.13"
      "esbuild-freebsd-arm64" "0.13.13"
      "esbuild-linux-32" "0.13.13"
      "esbuild-linux-64" "0.13.13"
      "esbuild-linux-arm" "0.13.13"
      "esbuild-linux-arm64" "0.13.13"
      "esbuild-linux-mips64le" "0.13.13"
      "esbuild-linux-ppc64le" "0.13.13"
      "esbuild-netbsd-64" "0.13.13"
      "esbuild-openbsd-64" "0.13.13"
      "esbuild-sunos-64" "0.13.13"
      "esbuild-windows-32" "0.13.13"
      "esbuild-windows-64" "0.13.13"
      "esbuild-windows-arm64" "0.13.13"
  
  "esbuild@^0.9.0":
    "integrity" "sha512-VtUf6aQ89VTmMLKrWHYG50uByMF4JQlVysb8dmg6cOgW8JnFCipmz7p+HNBl+RR3LLCuBxFGVauAe2wfnF9bLg=="
    "resolved" "https://registry.npmjs.org/esbuild/-/esbuild-0.9.7.tgz"
    "version" "0.9.7"
  
  "js-tokens@^3.0.0 || ^4.0.0":
    "integrity" "sha512-RdJUflcE3cUzKiMqQgsCu06FPu9UdIJO0beYbPhHN4k6apgJtifcoCtT9bcxOpYBtpD2kCM6Sbzg4CausW/PKQ=="
    "resolved" "https://registry.npmjs.org/js-tokens/-/js-tokens-4.0.0.tgz"
    "version" "4.0.0"
  
  "jsonc-parser@^3.0.0":
    "integrity" "sha512-fQzRfAbIBnR0IQvftw9FJveWiHp72Fg20giDrHz6TdfB12UH/uue0D3hm57UB5KgAVuniLMCaS8P1IMj9NR7cA=="
    "resolved" "https://registry.npmjs.org/jsonc-parser/-/jsonc-parser-3.0.0.tgz"
    "version" "3.0.0"
  
  "loose-envify@^1.1.0":
    "integrity" "sha512-lyuxPGr/Wfhrlem2CL/UcnUc1zcqKAImBDzukY7Y5F/yQiNdko6+fRLevlw1HgMySw7f611UIY408EtxRSoK3Q=="
    "resolved" "https://registry.npmjs.org/loose-envify/-/loose-envify-1.4.0.tgz"
    "version" "1.4.0"
    dependencies:
      "js-tokens" "^3.0.0 || ^4.0.0"
  
  "react-dom@^18.0.0":
    "integrity" "sha512-XqX7uzmFo0pUceWFCt7Gff6IyIMzFUn7QMZrbrQfGxtaxXZIcGQzoNpRLE3fQLnS4XzLLPMZX2T9TRcSrasicw=="
    "resolved" "https://registry.npmjs.org/react-dom/-/react-dom-18.0.0.tgz"
    "version" "18.0.0"
    dependencies:
      "loose-envify" "^1.1.0"
      "scheduler" "^0.21.0"
  
  "react@^18.0.0":
    "integrity" "sha512-x+VL6wbT4JRVPm7EGxXhZ8w8LTROaxPXOqhlGyVSrv0sB1jkyFGgXxJ8LVoPRLvPR6/CIZGFmfzqUa2NYeMr2A=="
    "resolved" "https://registry.npmjs.org/react/-/react-18.0.0.tgz"
    "version" "18.0.0"
    dependencies:
      "loose-envify" "^1.1.0"
  
  "scheduler@^0.21.0":
    "integrity" "sha512-1r87x5fz9MXqswA2ERLo0EbOAU74DpIUO090gIasYTqlVoJeMcl+Z1Rg7WHz+qtPujhS/hGIt9kxZOYBV3faRQ=="
    "resolved" "https://registry.npmjs.org/scheduler/-/scheduler-0.21.0.tgz"
    "version" "0.21.0"
    dependencies:
      "loose-envify" "^1.1.0"
  
  "typescript@^4.4.4":
    "integrity" "sha512-DqGhF5IKoBl8WNf8C1gu8q0xZSInh9j1kJJMqT3a94w1JzVaBU4EXOSMrz9yDqMT0xt3selp83fuFMQ0uzv6qA=="
    "resolved" "https://registry.npmjs.org/typescript/-/typescript-4.4.4.tgz"
    "version" "4.4.4"
